<?xml version="1.0" encoding="UTF-8"?>
<testng-results ignored="0" total="1" passed="1" failed="0" skipped="0">
  <reporter-output>
  </reporter-output>
  <suite started-at="2022-12-12T13:39:42 IST" name="Default suite" finished-at="2022-12-12T13:41:22 IST" duration-ms="99170">
    <groups>
    </groups>
    <test started-at="2022-12-12T13:39:42 IST" name="Default test" finished-at="2022-12-12T13:41:22 IST" duration-ms="99170">
      <class name="test.ktmTest">
        <test-method signature="ktm()[pri:0, instance:test.ktmTest@2e55dd0c]" started-at="2022-12-12T13:39:43 IST" name="ktm" finished-at="2022-12-12T13:41:22 IST" duration-ms="99091" status="PASS">
          <reporter-output>
          </reporter-output>
        </test-method> <!-- ktm -->
      </class> <!-- test.ktmTest -->
    </test> <!-- Default test -->
  </suite> <!-- Default suite -->
</testng-results>
