<?xml version="1.0" encoding="UTF-8"?>
<testng-results ignored="0" total="1" passed="1" failed="0" skipped="0">
  <reporter-output>
  </reporter-output>
  <suite started-at="2022-12-06T21:49:34 IST" name="Default suite" finished-at="2022-12-06T21:51:23 IST" duration-ms="109260">
    <groups>
    </groups>
    <test started-at="2022-12-06T21:49:34 IST" name="Default test" finished-at="2022-12-06T21:51:23 IST" duration-ms="109260">
      <class name="test.ktm">
        <test-method signature="ktm()[pri:0, instance:test.ktm@19d481b]" started-at="2022-12-06T21:49:34 IST" name="ktm" finished-at="2022-12-06T21:51:23 IST" duration-ms="109197" status="PASS">
          <reporter-output>
          </reporter-output>
        </test-method> <!-- ktm -->
      </class> <!-- test.ktm -->
    </test> <!-- Default test -->
  </suite> <!-- Default suite -->
</testng-results>
